

Started GET "/" for 127.0.0.1 at 2013-08-25 22:13:18 +0100
Processing by Rails::WelcomeController#index as HTML
  Rendered /home/smith/.rvm/gems/ruby-2.0.0-p247@railstutorial_rails_4_0/gems/railties-4.0.0/lib/rails/templates/rails/welcome/index.html.erb (7.3ms)
Completed 200 OK in 75ms (Views: 72.9ms | ActiveRecord: 0.0ms)


Started GET "/rails/info/properties" for 127.0.0.1 at 2013-08-25 22:13:22 +0100
Processing by Rails::InfoController#properties as */*
  Rendered /home/smith/.rvm/gems/ruby-2.0.0-p247@railstutorial_rails_4_0/gems/railties-4.0.0/lib/rails/templates/rails/info/properties.html.erb (1.1ms)
Completed 200 OK in 93ms (Views: 30.2ms | ActiveRecord: 46.0ms)


Started GET "/" for 127.0.0.1 at 2013-08-25 22:21:15 +0100
Processing by StaticPagesController#home as HTML
  Rendered static_pages/home.html.erb within layouts/application (1.4ms)
Completed 200 OK in 1471ms (Views: 1469.6ms | ActiveRecord: 0.0ms)


Started GET "/assets/turbolinks.js?body=1" for 127.0.0.1 at 2013-08-25 22:21:16 +0100


Started GET "/assets/application.css?body=1" for 127.0.0.1 at 2013-08-25 22:21:16 +0100


Started GET "/assets/static_pages.css?body=1" for 127.0.0.1 at 2013-08-25 22:21:16 +0100


Started GET "/assets/jquery.js?body=1" for 127.0.0.1 at 2013-08-25 22:21:16 +0100


Started GET "/assets/application.js?body=1" for 127.0.0.1 at 2013-08-25 22:21:16 +0100


Started GET "/assets/static_pages.js?body=1" for 127.0.0.1 at 2013-08-25 22:21:16 +0100


Started GET "/assets/jquery_ujs.js?body=1" for 127.0.0.1 at 2013-08-25 22:21:16 +0100


Started GET "/static_pages/about" for 127.0.0.1 at 2013-08-25 22:35:05 +0100
Processing by StaticPagesController#about as HTML
  Rendered static_pages/about.html.erb within layouts/application (0.5ms)
Completed 200 OK in 7ms (Views: 5.9ms | ActiveRecord: 0.0ms)


Started GET "/assets/application.css?body=1" for 127.0.0.1 at 2013-08-25 22:35:05 +0100


Started GET "/assets/static_pages.css?body=1" for 127.0.0.1 at 2013-08-25 22:35:05 +0100


Started GET "/assets/static_pages.js?body=1" for 127.0.0.1 at 2013-08-25 22:35:05 +0100


Started GET "/assets/application.js?body=1" for 127.0.0.1 at 2013-08-25 22:35:05 +0100


Started GET "/" for 127.0.0.1 at 2013-08-25 22:35:15 +0100
Processing by StaticPagesController#home as HTML
  Rendered static_pages/home.html.erb within layouts/application (0.1ms)
Completed 200 OK in 7ms (Views: 6.2ms | ActiveRecord: 0.0ms)


Started GET "/assets/static_pages.css?body=1" for 127.0.0.1 at 2013-08-25 22:35:15 +0100


Started GET "/assets/application.js?body=1" for 127.0.0.1 at 2013-08-25 22:35:15 +0100


Started GET "/assets/static_pages.js?body=1" for 127.0.0.1 at 2013-08-25 22:35:15 +0100


Started GET "/assets/application.css?body=1" for 127.0.0.1 at 2013-08-25 22:35:15 +0100


Started GET "/" for 127.0.0.1 at 2013-08-26 04:14:56 +0100
Processing by StaticPagesController#home as HTML
  Rendered static_pages/home.html.erb within layouts/application (1.9ms)
Completed 200 OK in 113ms (Views: 111.7ms | ActiveRecord: 0.0ms | Solr: 0.0ms)


Started GET "/assets/application.css?body=1" for 127.0.0.1 at 2013-08-26 04:14:56 +0100


Started GET "/assets/static_pages.css?body=1" for 127.0.0.1 at 2013-08-26 04:14:56 +0100


Started GET "/assets/jquery_ujs.js?body=1" for 127.0.0.1 at 2013-08-26 04:14:56 +0100


Started GET "/assets/jquery.js?body=1" for 127.0.0.1 at 2013-08-26 04:14:56 +0100


Started GET "/assets/static_pages.js?body=1" for 127.0.0.1 at 2013-08-26 04:14:56 +0100


Started GET "/assets/turbolinks.js?body=1" for 127.0.0.1 at 2013-08-26 04:14:56 +0100


Started GET "/assets/application.js?body=1" for 127.0.0.1 at 2013-08-26 04:14:56 +0100
Mysql2::Error: Table 'mp_dev.users' doesn't exist: SHOW FULL FIELDS FROM `users`
  [1m[36m (144.4ms)[0m  [1mCREATE TABLE `schema_migrations` (`version` varchar(255) NOT NULL) ENGINE=InnoDB[0m
  [1m[35m (352.6ms)[0m  CREATE UNIQUE INDEX `unique_schema_migrations` ON `schema_migrations` (`version`) 
  [1m[36mActiveRecord::SchemaMigration Load (0.6ms)[0m  [1mSELECT `schema_migrations`.* FROM `schema_migrations`[0m
Migrating to DeviseCreateUsers (20130826032741)
  [1m[35m (176.8ms)[0m  CREATE TABLE `users` (`id` int(11) DEFAULT NULL auto_increment PRIMARY KEY, `email` varchar(255) DEFAULT '' NOT NULL, `encrypted_password` varchar(255) DEFAULT '' NOT NULL, `reset_password_token` varchar(255), `reset_password_sent_at` datetime, `remember_created_at` datetime, `sign_in_count` int(11) DEFAULT 0, `current_sign_in_at` datetime, `last_sign_in_at` datetime, `current_sign_in_ip` varchar(255), `last_sign_in_ip` varchar(255), `created_at` datetime, `updated_at` datetime) ENGINE=InnoDB
  [1m[36m (297.3ms)[0m  [1mCREATE UNIQUE INDEX `index_users_on_email` ON `users` (`email`) [0m
  [1m[35m (297.9ms)[0m  CREATE UNIQUE INDEX `index_users_on_reset_password_token` ON `users` (`reset_password_token`) 
  [1m[36m (0.4ms)[0m  [1mBEGIN[0m
  [1m[35mSQL (0.6ms)[0m  INSERT INTO `schema_migrations` (`version`) VALUES ('20130826032741')
  [1m[36m (100.1ms)[0m  [1mCOMMIT[0m
  [1m[35mActiveRecord::SchemaMigration Load (0.6ms)[0m  SELECT `schema_migrations`.* FROM `schema_migrations`


Started GET "/users" for 127.0.0.1 at 2013-08-26 04:36:33 +0100
  [1m[36mActiveRecord::SchemaMigration Load (0.2ms)[0m  [1mSELECT `schema_migrations`.* FROM `schema_migrations`[0m

ActionController::RoutingError (No route matches [GET] "/users"):
  actionpack (4.0.0) lib/action_dispatch/middleware/debug_exceptions.rb:21:in `call'
  actionpack (4.0.0) lib/action_dispatch/middleware/show_exceptions.rb:30:in `call'
  railties (4.0.0) lib/rails/rack/logger.rb:38:in `call_app'
  railties (4.0.0) lib/rails/rack/logger.rb:21:in `block in call'
  activesupport (4.0.0) lib/active_support/tagged_logging.rb:67:in `block in tagged'
  activesupport (4.0.0) lib/active_support/tagged_logging.rb:25:in `tagged'
  activesupport (4.0.0) lib/active_support/tagged_logging.rb:67:in `tagged'
  railties (4.0.0) lib/rails/rack/logger.rb:21:in `call'
  actionpack (4.0.0) lib/action_dispatch/middleware/request_id.rb:21:in `call'
  rack (1.5.2) lib/rack/methodoverride.rb:21:in `call'
  rack (1.5.2) lib/rack/runtime.rb:17:in `call'
  activesupport (4.0.0) lib/active_support/cache/strategy/local_cache.rb:83:in `call'
  rack (1.5.2) lib/rack/lock.rb:17:in `call'
  actionpack (4.0.0) lib/action_dispatch/middleware/static.rb:64:in `call'
  railties (4.0.0) lib/rails/engine.rb:511:in `call'
  railties (4.0.0) lib/rails/application.rb:97:in `call'
  rack (1.5.2) lib/rack/lock.rb:17:in `call'
  rack (1.5.2) lib/rack/content_length.rb:14:in `call'
  rack (1.5.2) lib/rack/handler/webrick.rb:60:in `service'
  /home/smith/.rvm/rubies/ruby-2.0.0-p247/lib/ruby/2.0.0/webrick/httpserver.rb:138:in `service'
  /home/smith/.rvm/rubies/ruby-2.0.0-p247/lib/ruby/2.0.0/webrick/httpserver.rb:94:in `run'
  /home/smith/.rvm/rubies/ruby-2.0.0-p247/lib/ruby/2.0.0/webrick/server.rb:295:in `block in start_thread'


  Rendered /home/smith/.rvm/gems/ruby-2.0.0-p247@railstutorial_rails_4_0/gems/actionpack-4.0.0/lib/action_dispatch/middleware/templates/rescues/_trace.erb (3.3ms)
  Rendered /home/smith/.rvm/gems/ruby-2.0.0-p247@railstutorial_rails_4_0/gems/actionpack-4.0.0/lib/action_dispatch/middleware/templates/routes/_route.html.erb (6.4ms)
  Rendered /home/smith/.rvm/gems/ruby-2.0.0-p247@railstutorial_rails_4_0/gems/actionpack-4.0.0/lib/action_dispatch/middleware/templates/routes/_table.html.erb (26.2ms)
  Rendered /home/smith/.rvm/gems/ruby-2.0.0-p247@railstutorial_rails_4_0/gems/actionpack-4.0.0/lib/action_dispatch/middleware/templates/rescues/routing_error.erb within rescues/layout (105.1ms)


Started GET "/users/sign_up" for 127.0.0.1 at 2013-08-26 04:37:35 +0100
Processing by Devise::RegistrationsController#new as HTML
  Rendered /home/smith/.rvm/gems/ruby-2.0.0-p247@railstutorial_rails_4_0/gems/devise-3.0.3/app/views/devise/shared/_links.erb (2.1ms)
  Rendered /home/smith/.rvm/gems/ruby-2.0.0-p247@railstutorial_rails_4_0/gems/devise-3.0.3/app/views/devise/registrations/new.html.erb within layouts/application (452.3ms)
Completed 200 OK in 589ms (Views: 544.4ms | ActiveRecord: 2.6ms | Solr: 0.0ms)


Started GET "/assets/jquery_ujs.js?body=1" for 127.0.0.1 at 2013-08-26 04:37:36 +0100


Started GET "/assets/jquery.js?body=1" for 127.0.0.1 at 2013-08-26 04:37:36 +0100


Started GET "/assets/application.css?body=1" for 127.0.0.1 at 2013-08-26 04:37:36 +0100


Started GET "/assets/static_pages.css?body=1" for 127.0.0.1 at 2013-08-26 04:37:36 +0100


Started GET "/assets/static_pages.js?body=1" for 127.0.0.1 at 2013-08-26 04:37:36 +0100


Started GET "/assets/turbolinks.js?body=1" for 127.0.0.1 at 2013-08-26 04:37:36 +0100


Started GET "/assets/application.js?body=1" for 127.0.0.1 at 2013-08-26 04:37:36 +0100


Started POST "/users" for 127.0.0.1 at 2013-08-26 04:37:53 +0100
Processing by Devise::RegistrationsController#create as HTML
  Parameters: {"utf8"=>"✓", "authenticity_token"=>"akQM4L8pv9LyoypQTZT/Mf459wzkA6o4VYOkCMQyN1E=", "user"=>{"email"=>"verygreenboi@live.com", "password"=>"[FILTERED]", "password_confirmation"=>"[FILTERED]"}, "commit"=>"Sign up"}
  [1m[35m (0.4ms)[0m  BEGIN
  [1m[36mUser Exists (1.0ms)[0m  [1mSELECT 1 AS one FROM `users` WHERE `users`.`email` = BINARY 'verygreenboi@live.com' LIMIT 1[0m
  [1m[35mSQL (0.6ms)[0m  INSERT INTO `users` (`created_at`, `email`, `encrypted_password`, `updated_at`) VALUES ('2013-08-26 03:37:53', 'verygreenboi@live.com', '$2a$10$dotd3khageziA.GbCdxsq.HgcO9PFrD0Jpxu/qb998NYCDTzIqaN.', '2013-08-26 03:37:53')
  [1m[36m (82.3ms)[0m  [1mCOMMIT[0m
  [1m[35m (0.2ms)[0m  BEGIN
  [1m[36mSQL (0.5ms)[0m  [1mUPDATE `users` SET `last_sign_in_at` = '2013-08-26 03:37:53', `current_sign_in_at` = '2013-08-26 03:37:53', `last_sign_in_ip` = '127.0.0.1', `current_sign_in_ip` = '127.0.0.1', `sign_in_count` = 1, `updated_at` = '2013-08-26 03:37:53' WHERE `users`.`id` = 1[0m
  [1m[35m (91.6ms)[0m  COMMIT
Redirected to http://localhost:3000/
Completed 302 Found in 438ms (ActiveRecord: 176.6ms)


Started GET "/" for 127.0.0.1 at 2013-08-26 04:37:53 +0100
Processing by StaticPagesController#home as HTML
  Rendered static_pages/home.html.erb within layouts/application (0.5ms)
Completed 200 OK in 8ms (Views: 6.9ms | ActiveRecord: 0.0ms | Solr: 0.0ms)


Started GET "/assets/application.css?body=1" for 127.0.0.1 at 2013-08-26 04:37:53 +0100


Started GET "/assets/static_pages.css?body=1" for 127.0.0.1 at 2013-08-26 04:37:53 +0100


Started GET "/assets/static_pages.js?body=1" for 127.0.0.1 at 2013-08-26 04:37:53 +0100


Started GET "/assets/turbolinks.js?body=1" for 127.0.0.1 at 2013-08-26 04:37:53 +0100


Started GET "/assets/jquery.js?body=1" for 127.0.0.1 at 2013-08-26 04:37:53 +0100


Started GET "/assets/jquery_ujs.js?body=1" for 127.0.0.1 at 2013-08-26 04:37:53 +0100


Started GET "/assets/application.js?body=1" for 127.0.0.1 at 2013-08-26 04:37:53 +0100


Started GET "/users.json" for 127.0.0.1 at 2013-08-26 04:40:05 +0100

ActionController::RoutingError (No route matches [GET] "/users.json"):
  actionpack (4.0.0) lib/action_dispatch/middleware/debug_exceptions.rb:21:in `call'
  actionpack (4.0.0) lib/action_dispatch/middleware/show_exceptions.rb:30:in `call'
  railties (4.0.0) lib/rails/rack/logger.rb:38:in `call_app'
  railties (4.0.0) lib/rails/rack/logger.rb:21:in `block in call'
  activesupport (4.0.0) lib/active_support/tagged_logging.rb:67:in `block in tagged'
  activesupport (4.0.0) lib/active_support/tagged_logging.rb:25:in `tagged'
  activesupport (4.0.0) lib/active_support/tagged_logging.rb:67:in `tagged'
  railties (4.0.0) lib/rails/rack/logger.rb:21:in `call'
  actionpack (4.0.0) lib/action_dispatch/middleware/request_id.rb:21:in `call'
  rack (1.5.2) lib/rack/methodoverride.rb:21:in `call'
  rack (1.5.2) lib/rack/runtime.rb:17:in `call'
  activesupport (4.0.0) lib/active_support/cache/strategy/local_cache.rb:83:in `call'
  rack (1.5.2) lib/rack/lock.rb:17:in `call'
  actionpack (4.0.0) lib/action_dispatch/middleware/static.rb:64:in `call'
  railties (4.0.0) lib/rails/engine.rb:511:in `call'
  railties (4.0.0) lib/rails/application.rb:97:in `call'
  rack (1.5.2) lib/rack/lock.rb:17:in `call'
  rack (1.5.2) lib/rack/content_length.rb:14:in `call'
  rack (1.5.2) lib/rack/handler/webrick.rb:60:in `service'
  /home/smith/.rvm/rubies/ruby-2.0.0-p247/lib/ruby/2.0.0/webrick/httpserver.rb:138:in `service'
  /home/smith/.rvm/rubies/ruby-2.0.0-p247/lib/ruby/2.0.0/webrick/httpserver.rb:94:in `run'
  /home/smith/.rvm/rubies/ruby-2.0.0-p247/lib/ruby/2.0.0/webrick/server.rb:295:in `block in start_thread'


  Rendered /home/smith/.rvm/gems/ruby-2.0.0-p247@railstutorial_rails_4_0/gems/actionpack-4.0.0/lib/action_dispatch/middleware/templates/rescues/_trace.erb (1.5ms)
  Rendered /home/smith/.rvm/gems/ruby-2.0.0-p247@railstutorial_rails_4_0/gems/actionpack-4.0.0/lib/action_dispatch/middleware/templates/routes/_route.html.erb (3.0ms)
  Rendered /home/smith/.rvm/gems/ruby-2.0.0-p247@railstutorial_rails_4_0/gems/actionpack-4.0.0/lib/action_dispatch/middleware/templates/routes/_table.html.erb (1.5ms)
  Rendered /home/smith/.rvm/gems/ruby-2.0.0-p247@railstutorial_rails_4_0/gems/actionpack-4.0.0/lib/action_dispatch/middleware/templates/rescues/routing_error.erb within rescues/layout (32.1ms)


Started GET "/users/sign_out.json" for 127.0.0.1 at 2013-08-26 04:40:27 +0100

ActionController::RoutingError (No route matches [GET] "/users/sign_out.json"):
  actionpack (4.0.0) lib/action_dispatch/middleware/debug_exceptions.rb:21:in `call'
  actionpack (4.0.0) lib/action_dispatch/middleware/show_exceptions.rb:30:in `call'
  railties (4.0.0) lib/rails/rack/logger.rb:38:in `call_app'
  railties (4.0.0) lib/rails/rack/logger.rb:21:in `block in call'
  activesupport (4.0.0) lib/active_support/tagged_logging.rb:67:in `block in tagged'
  activesupport (4.0.0) lib/active_support/tagged_logging.rb:25:in `tagged'
  activesupport (4.0.0) lib/active_support/tagged_logging.rb:67:in `tagged'
  railties (4.0.0) lib/rails/rack/logger.rb:21:in `call'
  actionpack (4.0.0) lib/action_dispatch/middleware/request_id.rb:21:in `call'
  rack (1.5.2) lib/rack/methodoverride.rb:21:in `call'
  rack (1.5.2) lib/rack/runtime.rb:17:in `call'
  activesupport (4.0.0) lib/active_support/cache/strategy/local_cache.rb:83:in `call'
  rack (1.5.2) lib/rack/lock.rb:17:in `call'
  actionpack (4.0.0) lib/action_dispatch/middleware/static.rb:64:in `call'
  railties (4.0.0) lib/rails/engine.rb:511:in `call'
  railties (4.0.0) lib/rails/application.rb:97:in `call'
  rack (1.5.2) lib/rack/lock.rb:17:in `call'
  rack (1.5.2) lib/rack/content_length.rb:14:in `call'
  rack (1.5.2) lib/rack/handler/webrick.rb:60:in `service'
  /home/smith/.rvm/rubies/ruby-2.0.0-p247/lib/ruby/2.0.0/webrick/httpserver.rb:138:in `service'
  /home/smith/.rvm/rubies/ruby-2.0.0-p247/lib/ruby/2.0.0/webrick/httpserver.rb:94:in `run'
  /home/smith/.rvm/rubies/ruby-2.0.0-p247/lib/ruby/2.0.0/webrick/server.rb:295:in `block in start_thread'


  Rendered /home/smith/.rvm/gems/ruby-2.0.0-p247@railstutorial_rails_4_0/gems/actionpack-4.0.0/lib/action_dispatch/middleware/templates/rescues/_trace.erb (1.6ms)
  Rendered /home/smith/.rvm/gems/ruby-2.0.0-p247@railstutorial_rails_4_0/gems/actionpack-4.0.0/lib/action_dispatch/middleware/templates/routes/_route.html.erb (3.0ms)
  Rendered /home/smith/.rvm/gems/ruby-2.0.0-p247@railstutorial_rails_4_0/gems/actionpack-4.0.0/lib/action_dispatch/middleware/templates/routes/_table.html.erb (1.7ms)
  Rendered /home/smith/.rvm/gems/ruby-2.0.0-p247@railstutorial_rails_4_0/gems/actionpack-4.0.0/lib/action_dispatch/middleware/templates/rescues/routing_error.erb within rescues/layout (30.8ms)


Started GET "/users/sign_out" for 127.0.0.1 at 2013-08-26 04:40:35 +0100

ActionController::RoutingError (No route matches [GET] "/users/sign_out"):
  actionpack (4.0.0) lib/action_dispatch/middleware/debug_exceptions.rb:21:in `call'
  actionpack (4.0.0) lib/action_dispatch/middleware/show_exceptions.rb:30:in `call'
  railties (4.0.0) lib/rails/rack/logger.rb:38:in `call_app'
  railties (4.0.0) lib/rails/rack/logger.rb:21:in `block in call'
  activesupport (4.0.0) lib/active_support/tagged_logging.rb:67:in `block in tagged'
  activesupport (4.0.0) lib/active_support/tagged_logging.rb:25:in `tagged'
  activesupport (4.0.0) lib/active_support/tagged_logging.rb:67:in `tagged'
  railties (4.0.0) lib/rails/rack/logger.rb:21:in `call'
  actionpack (4.0.0) lib/action_dispatch/middleware/request_id.rb:21:in `call'
  rack (1.5.2) lib/rack/methodoverride.rb:21:in `call'
  rack (1.5.2) lib/rack/runtime.rb:17:in `call'
  activesupport (4.0.0) lib/active_support/cache/strategy/local_cache.rb:83:in `call'
  rack (1.5.2) lib/rack/lock.rb:17:in `call'
  actionpack (4.0.0) lib/action_dispatch/middleware/static.rb:64:in `call'
  railties (4.0.0) lib/rails/engine.rb:511:in `call'
  railties (4.0.0) lib/rails/application.rb:97:in `call'
  rack (1.5.2) lib/rack/lock.rb:17:in `call'
  rack (1.5.2) lib/rack/content_length.rb:14:in `call'
  rack (1.5.2) lib/rack/handler/webrick.rb:60:in `service'
  /home/smith/.rvm/rubies/ruby-2.0.0-p247/lib/ruby/2.0.0/webrick/httpserver.rb:138:in `service'
  /home/smith/.rvm/rubies/ruby-2.0.0-p247/lib/ruby/2.0.0/webrick/httpserver.rb:94:in `run'
  /home/smith/.rvm/rubies/ruby-2.0.0-p247/lib/ruby/2.0.0/webrick/server.rb:295:in `block in start_thread'


  Rendered /home/smith/.rvm/gems/ruby-2.0.0-p247@railstutorial_rails_4_0/gems/actionpack-4.0.0/lib/action_dispatch/middleware/templates/rescues/_trace.erb (1.8ms)
  Rendered /home/smith/.rvm/gems/ruby-2.0.0-p247@railstutorial_rails_4_0/gems/actionpack-4.0.0/lib/action_dispatch/middleware/templates/routes/_route.html.erb (2.9ms)
  Rendered /home/smith/.rvm/gems/ruby-2.0.0-p247@railstutorial_rails_4_0/gems/actionpack-4.0.0/lib/action_dispatch/middleware/templates/routes/_table.html.erb (1.6ms)
  Rendered /home/smith/.rvm/gems/ruby-2.0.0-p247@railstutorial_rails_4_0/gems/actionpack-4.0.0/lib/action_dispatch/middleware/templates/rescues/routing_error.erb within rescues/layout (33.6ms)


Started GET "/users/sign_out" for 127.0.0.1 at 2013-08-26 04:40:58 +0100

ActionController::RoutingError (No route matches [GET] "/users/sign_out"):
  actionpack (4.0.0) lib/action_dispatch/middleware/debug_exceptions.rb:21:in `call'
  actionpack (4.0.0) lib/action_dispatch/middleware/show_exceptions.rb:30:in `call'
  railties (4.0.0) lib/rails/rack/logger.rb:38:in `call_app'
  railties (4.0.0) lib/rails/rack/logger.rb:21:in `block in call'
  activesupport (4.0.0) lib/active_support/tagged_logging.rb:67:in `block in tagged'
  activesupport (4.0.0) lib/active_support/tagged_logging.rb:25:in `tagged'
  activesupport (4.0.0) lib/active_support/tagged_logging.rb:67:in `tagged'
  railties (4.0.0) lib/rails/rack/logger.rb:21:in `call'
  actionpack (4.0.0) lib/action_dispatch/middleware/request_id.rb:21:in `call'
  rack (1.5.2) lib/rack/methodoverride.rb:21:in `call'
  rack (1.5.2) lib/rack/runtime.rb:17:in `call'
  activesupport (4.0.0) lib/active_support/cache/strategy/local_cache.rb:83:in `call'
  rack (1.5.2) lib/rack/lock.rb:17:in `call'
  actionpack (4.0.0) lib/action_dispatch/middleware/static.rb:64:in `call'
  railties (4.0.0) lib/rails/engine.rb:511:in `call'
  railties (4.0.0) lib/rails/application.rb:97:in `call'
  rack (1.5.2) lib/rack/lock.rb:17:in `call'
  rack (1.5.2) lib/rack/content_length.rb:14:in `call'
  rack (1.5.2) lib/rack/handler/webrick.rb:60:in `service'
  /home/smith/.rvm/rubies/ruby-2.0.0-p247/lib/ruby/2.0.0/webrick/httpserver.rb:138:in `service'
  /home/smith/.rvm/rubies/ruby-2.0.0-p247/lib/ruby/2.0.0/webrick/httpserver.rb:94:in `run'
  /home/smith/.rvm/rubies/ruby-2.0.0-p247/lib/ruby/2.0.0/webrick/server.rb:295:in `block in start_thread'


  Rendered /home/smith/.rvm/gems/ruby-2.0.0-p247@railstutorial_rails_4_0/gems/actionpack-4.0.0/lib/action_dispatch/middleware/templates/rescues/_trace.erb (1.5ms)
  Rendered /home/smith/.rvm/gems/ruby-2.0.0-p247@railstutorial_rails_4_0/gems/actionpack-4.0.0/lib/action_dispatch/middleware/templates/routes/_route.html.erb (2.8ms)
  Rendered /home/smith/.rvm/gems/ruby-2.0.0-p247@railstutorial_rails_4_0/gems/actionpack-4.0.0/lib/action_dispatch/middleware/templates/routes/_table.html.erb (1.5ms)
  Rendered /home/smith/.rvm/gems/ruby-2.0.0-p247@railstutorial_rails_4_0/gems/actionpack-4.0.0/lib/action_dispatch/middleware/templates/rescues/routing_error.erb within rescues/layout (31.4ms)


Started GET "/users/sign_in" for 127.0.0.1 at 2013-08-26 04:41:25 +0100
Processing by Devise::SessionsController#new as HTML
  [1m[36mUser Load (0.9ms)[0m  [1mSELECT `users`.* FROM `users` WHERE `users`.`id` = 1 ORDER BY `users`.`id` ASC LIMIT 1[0m
Redirected to http://localhost:3000/
Filter chain halted as :require_no_authentication rendered or redirected
Completed 302 Found in 80ms (ActiveRecord: 0.9ms)


Started GET "/" for 127.0.0.1 at 2013-08-26 04:41:25 +0100
Processing by StaticPagesController#home as HTML
  Rendered static_pages/home.html.erb within layouts/application (0.1ms)
Completed 200 OK in 13ms (Views: 11.3ms | ActiveRecord: 0.0ms | Solr: 0.0ms)


Started GET "/assets/application.css?body=1" for 127.0.0.1 at 2013-08-26 04:41:25 +0100


Started GET "/assets/static_pages.css?body=1" for 127.0.0.1 at 2013-08-26 04:41:25 +0100


Started GET "/assets/jquery_ujs.js?body=1" for 127.0.0.1 at 2013-08-26 04:41:25 +0100


Started GET "/assets/jquery.js?body=1" for 127.0.0.1 at 2013-08-26 04:41:25 +0100


Started GET "/assets/application.js?body=1" for 127.0.0.1 at 2013-08-26 04:41:25 +0100


Started GET "/assets/turbolinks.js?body=1" for 127.0.0.1 at 2013-08-26 04:41:25 +0100


Started GET "/assets/static_pages.js?body=1" for 127.0.0.1 at 2013-08-26 04:41:25 +0100


Started GET "/" for 127.0.0.1 at 2013-08-26 04:44:41 +0100
Processing by StaticPagesController#home as HTML
  Rendered static_pages/home.html.erb within layouts/application (0.1ms)
  [1m[35mUser Load (0.4ms)[0m  SELECT `users`.* FROM `users` WHERE `users`.`id` = 1 ORDER BY `users`.`id` ASC LIMIT 1
Completed 200 OK in 15ms (Views: 13.2ms | ActiveRecord: 0.4ms | Solr: 0.0ms)


Started GET "/assets/application.css?body=1" for 127.0.0.1 at 2013-08-26 04:44:41 +0100


Started GET "/assets/jquery_ujs.js?body=1" for 127.0.0.1 at 2013-08-26 04:44:41 +0100


Started GET "/assets/jquery.js?body=1" for 127.0.0.1 at 2013-08-26 04:44:41 +0100


Started GET "/assets/turbolinks.js?body=1" for 127.0.0.1 at 2013-08-26 04:44:41 +0100


Started GET "/assets/static_pages.css?body=1" for 127.0.0.1 at 2013-08-26 04:44:41 +0100


Started GET "/assets/static_pages.js?body=1" for 127.0.0.1 at 2013-08-26 04:44:41 +0100


Started GET "/assets/application.js?body=1" for 127.0.0.1 at 2013-08-26 04:44:41 +0100


Started DELETE "/users/sign_out" for 127.0.0.1 at 2013-08-26 04:44:45 +0100
Processing by Devise::SessionsController#destroy as HTML
  Parameters: {"authenticity_token"=>"akQM4L8pv9LyoypQTZT/Mf459wzkA6o4VYOkCMQyN1E="}
  [1m[36mUser Load (0.3ms)[0m  [1mSELECT `users`.* FROM `users` WHERE `users`.`id` = 1 ORDER BY `users`.`id` ASC LIMIT 1[0m
  [1m[35m (0.4ms)[0m  BEGIN
  [1m[36m (0.3ms)[0m  [1mCOMMIT[0m
Redirected to http://localhost:3000/
Completed 302 Found in 11ms (ActiveRecord: 0.9ms)


Started GET "/" for 127.0.0.1 at 2013-08-26 04:44:45 +0100
Processing by StaticPagesController#home as HTML
  Rendered static_pages/home.html.erb within layouts/application (0.2ms)
Completed 200 OK in 12ms (Views: 10.9ms | ActiveRecord: 0.0ms | Solr: 0.0ms)


Started GET "/assets/static_pages.css?body=1" for 127.0.0.1 at 2013-08-26 04:44:45 +0100


Started GET "/assets/application.css?body=1" for 127.0.0.1 at 2013-08-26 04:44:45 +0100


Started GET "/assets/turbolinks.js?body=1" for 127.0.0.1 at 2013-08-26 04:44:45 +0100


Started GET "/assets/jquery.js?body=1" for 127.0.0.1 at 2013-08-26 04:44:45 +0100


Started GET "/assets/static_pages.js?body=1" for 127.0.0.1 at 2013-08-26 04:44:45 +0100


Started GET "/assets/jquery_ujs.js?body=1" for 127.0.0.1 at 2013-08-26 04:44:45 +0100


Started GET "/assets/application.js?body=1" for 127.0.0.1 at 2013-08-26 04:44:45 +0100


Started GET "/users/sign_in" for 127.0.0.1 at 2013-08-26 04:44:49 +0100
Processing by Devise::SessionsController#new as HTML
  Rendered /home/smith/.rvm/gems/ruby-2.0.0-p247@railstutorial_rails_4_0/gems/devise-3.0.3/app/views/devise/shared/_links.erb (1.0ms)
  Rendered /home/smith/.rvm/gems/ruby-2.0.0-p247@railstutorial_rails_4_0/gems/devise-3.0.3/app/views/devise/sessions/new.html.erb within layouts/application (21.8ms)
Completed 200 OK in 35ms (Views: 31.0ms | ActiveRecord: 0.0ms | Solr: 0.0ms)


Started GET "/users/sign_up" for 127.0.0.1 at 2013-08-26 04:44:51 +0100
Processing by Devise::RegistrationsController#new as HTML
  Rendered /home/smith/.rvm/gems/ruby-2.0.0-p247@railstutorial_rails_4_0/gems/devise-3.0.3/app/views/devise/shared/_links.erb (0.9ms)
  Rendered /home/smith/.rvm/gems/ruby-2.0.0-p247@railstutorial_rails_4_0/gems/devise-3.0.3/app/views/devise/registrations/new.html.erb within layouts/application (7.3ms)
Completed 200 OK in 21ms (Views: 18.0ms | ActiveRecord: 0.0ms | Solr: 0.0ms)


Started GET "/users/password/new" for 127.0.0.1 at 2013-08-26 04:44:53 +0100
Processing by Devise::PasswordsController#new as HTML
  Rendered /home/smith/.rvm/gems/ruby-2.0.0-p247@railstutorial_rails_4_0/gems/devise-3.0.3/app/views/devise/shared/_links.erb (2.1ms)
  Rendered /home/smith/.rvm/gems/ruby-2.0.0-p247@railstutorial_rails_4_0/gems/devise-3.0.3/app/views/devise/passwords/new.html.erb within layouts/application (8.7ms)
Completed 200 OK in 21ms (Views: 18.9ms | ActiveRecord: 0.0ms | Solr: 0.0ms)


Started GET "/users/sign_in" for 127.0.0.1 at 2013-08-26 04:44:57 +0100
Processing by Devise::SessionsController#new as HTML
  Rendered /home/smith/.rvm/gems/ruby-2.0.0-p247@railstutorial_rails_4_0/gems/devise-3.0.3/app/views/devise/shared/_links.erb (0.6ms)
  Rendered /home/smith/.rvm/gems/ruby-2.0.0-p247@railstutorial_rails_4_0/gems/devise-3.0.3/app/views/devise/sessions/new.html.erb within layouts/application (8.2ms)
Completed 200 OK in 22ms (Views: 18.2ms | ActiveRecord: 0.0ms | Solr: 0.0ms)
